<?xml version="1.0" encoding="UTF-8"?>
<!-- Generated by org.testng.reporters.JUnitXMLReporter -->
<testsuite ignored="2" hostname="DESKTOP-U6C0UKJ" failures="0" tests="0" time="7.794" errors="0" timestamp="2023-05-01T14:32:06 EDT">
  <testcase classname="rahulshettyacademy.tests.ErrorValidationTest" name="productErrorValidation" time="0.0">
    <ignored/>
  </testcase> <!-- productErrorValidation -->
  <testcase classname="rahulshettyacademy.tests.ErrorValidationTest" name="loginErrorValidation" time="0.0">
    <ignored/>
  </testcase> <!-- loginErrorValidation -->
</testsuite>
