<?xml version="1.0" encoding="UTF-8"?>
<!-- Generated by org.testng.reporters.JUnitXMLReporter -->
<testsuite ignored="2" hostname="DESKTOP-U6C0UKJ" failures="0" tests="0" time="6.688" errors="0" timestamp="2023-05-01T14:32:05 EDT">
  <testcase classname="rahulshettyacademy.tests.SubmitOrderTest" name="orderSubmitTest" time="0.0">
    <ignored/>
  </testcase> <!-- orderSubmitTest -->
  <testcase classname="rahulshettyacademy.tests.SubmitOrderTest" name="orderHistoryTest" time="0.0">
    <ignored/>
  </testcase> <!-- orderHistoryTest -->
</testsuite>
