<?xml version="1.0" encoding="UTF-8"?>
<testng-results ignored="4" total="4" passed="0" failed="0" skipped="0">
  <reporter-output>
  </reporter-output>
  <suite started-at="2023-05-01T11:35:27 EDT" name="Suite" finished-at="2023-05-01T11:35:37 EDT" duration-ms="9971">
    <groups>
    </groups>
    <test started-at="2023-05-01T11:35:27 EDT" name="Base Test " finished-at="2023-05-01T11:35:37 EDT" duration-ms="9485">
      <class name="rahulshettyacademy.testcomponent.BaseTest">
        <test-method is-config="true" signature="launchApplication()[pri:0, instance:rahulshettyacademy.testcomponent.BaseTest@2d901eb0]" started-at="2023-05-01T11:35:27 EDT" name="launchApplication" finished-at="2023-05-01T11:35:36 EDT" duration-ms="9360" status="PASS">
          <reporter-output>
          </reporter-output>
        </test-method> <!-- launchApplication -->
        <test-method is-config="true" signature="teardown()[pri:0, instance:rahulshettyacademy.testcomponent.BaseTest@2d901eb0]" started-at="2023-05-01T11:35:36 EDT" name="teardown" finished-at="2023-05-01T11:35:37 EDT" duration-ms="85" status="PASS">
          <reporter-output>
          </reporter-output>
        </test-method> <!-- teardown -->
      </class> <!-- rahulshettyacademy.testcomponent.BaseTest -->
    </test> <!-- Base Test  -->
    <test started-at="2023-05-01T11:35:27 EDT" name="Error validation Test" finished-at="2023-05-01T11:35:37 EDT" duration-ms="9714">
      <class name="rahulshettyacademy.tests.ErrorValidationTest">
        <test-method is-config="true" signature="launchApplication()[pri:0, instance:rahulshettyacademy.tests.ErrorValidationTest@534a5a98]" started-at="2023-05-01T11:35:27 EDT" name="launchApplication" finished-at="2023-05-01T11:35:37 EDT" duration-ms="9584" status="PASS">
          <reporter-output>
          </reporter-output>
        </test-method> <!-- launchApplication -->
        <test-method is-config="true" signature="teardown()[pri:0, instance:rahulshettyacademy.tests.ErrorValidationTest@534a5a98]" started-at="2023-05-01T11:35:37 EDT" name="teardown" finished-at="2023-05-01T11:35:37 EDT" duration-ms="95" status="PASS">
          <reporter-output>
          </reporter-output>
        </test-method> <!-- teardown -->
      </class> <!-- rahulshettyacademy.tests.ErrorValidationTest -->
    </test> <!-- Error validation Test -->
    <test started-at="2023-05-01T11:35:27 EDT" name="Submit Order Test" finished-at="2023-05-01T11:35:37 EDT" duration-ms="9971">
      <class name="rahulshettyacademy.tests.SubmitOrderTest">
        <test-method is-config="true" signature="launchApplication()[pri:0, instance:rahulshettyacademy.tests.SubmitOrderTest@d737b89]" started-at="2023-05-01T11:35:27 EDT" name="launchApplication" finished-at="2023-05-01T11:35:37 EDT" duration-ms="9808" status="PASS">
          <reporter-output>
          </reporter-output>
        </test-method> <!-- launchApplication -->
        <test-method is-config="true" signature="teardown()[pri:0, instance:rahulshettyacademy.tests.SubmitOrderTest@d737b89]" started-at="2023-05-01T11:35:37 EDT" name="teardown" finished-at="2023-05-01T11:35:37 EDT" duration-ms="129" status="PASS">
          <reporter-output>
          </reporter-output>
        </test-method> <!-- teardown -->
      </class> <!-- rahulshettyacademy.tests.SubmitOrderTest -->
    </test> <!-- Submit Order Test -->
  </suite> <!-- Suite -->
</testng-results>
